<?xml version="1.0" encoding="UTF-8"?>
<!-- Generated by org.testng.reporters.JUnitReportReporter -->
<testsuite hostname="DEEPIKAPATIL" failures="0" tests="1" name="qa.Deserialization.UserAPITestWithJsonArrayresponse" time="2.262" errors="0" timestamp="2025-02-13T09:30:35 IST" skipped="0">
  <testcase classname="qa.Deserialization.UserAPITestWithJsonArrayresponse" name="createUserWith_Lombok" time="2.262"/>
</testsuite> <!-- qa.Deserialization.UserAPITestWithJsonArrayresponse -->
