<?xml version="1.0" encoding="UTF-8"?>
<!-- Generated by org.testng.reporters.JUnitReportReporter -->
<testsuite hostname="DEEPIKAPATIL" failures="0" tests="1" name="qa.GetAPI.ContactsAPIsTest" time="2.240" errors="0" timestamp="2025-02-12T09:11:35 IST" skipped="0">
  <testcase classname="qa.GetAPI.ContactsAPIsTest" name="getContactsAPITest_WithInvalidToken" time="2.240"/>
</testsuite> <!-- qa.GetAPI.ContactsAPIsTest -->
