<?xml version="1.0" encoding="UTF-8"?>
<!-- Generated by org.testng.reporters.JUnitReportReporter -->
<testsuite hostname="DEEPIKAPATIL" failures="0" tests="2" name="qa.OauthAllValidation.OAuth2APITest" time="7.247" errors="0" timestamp="2025-02-13T07:12:23 IST" skipped="0">
  <testcase classname="qa.OauthAllValidation.OAuth2APITest" name="getFlightDetailsTest_1" time="3.195"/>
  <testcase classname="qa.OauthAllValidation.OAuth2APITest" name="getFlightDetailsTest_2" time="4.052"/>
</testsuite> <!-- qa.OauthAllValidation.OAuth2APITest -->
