<?xml version="1.0" encoding="UTF-8"?>
<!-- Generated by org.testng.reporters.JUnitReportReporter -->
<testsuite hostname="DEEPIKAPATIL" failures="0" tests="1" name="qa.JaywayJsonPath.JsonPathMethodsTest" time="1.816" errors="0" timestamp="2025-02-12T17:51:07 IST" skipped="0">
  <testcase classname="qa.JaywayJsonPath.JsonPathMethodsTest" name="getProductTest" time="1.816"/>
</testsuite> <!-- qa.JaywayJsonPath.JsonPathMethodsTest -->
