<?xml version="1.0" encoding="UTF-8"?>
<!-- Generated by org.testng.reporters.JUnitReportReporter -->
<testsuite hostname="DEEPIKAPATIL" failures="0" tests="1" name="qa.POSTAPI.CreateUserAPITest" time="2.223" errors="0" timestamp="2025-02-12T12:14:51 IST" skipped="0">
  <testcase classname="qa.POSTAPI.CreateUserAPITest" name="getAuthTokenTest_WithJSONFILE" time="2.223"/>
</testsuite> <!-- qa.POSTAPI.CreateUserAPITest -->
