<?xml version="1.0" encoding="UTF-8"?>
<!-- Generated by org.testng.reporters.JUnitReportReporter -->
<testsuite hostname="DEEPIKAPATIL" failures="0" tests="1" name="qa.POSTAPI.AuthAPITest" time="2.858" errors="0" timestamp="2025-02-12T12:04:27 IST" skipped="0">
  <testcase classname="qa.POSTAPI.AuthAPITest" name="getAuthTokenTest_WithPOJOClass" time="2.858"/>
</testsuite> <!-- qa.POSTAPI.AuthAPITest -->
