<?xml version="1.0" encoding="UTF-8"?>
<!-- Generated by org.testng.reporters.JUnitReportReporter -->
<testsuite hostname="DEEPIKAPATIL" failures="0" tests="1" name="qa.GetAPI.FetchResponseDataConcept" time="1.121" errors="0" timestamp="2025-02-12T08:36:17 IST" skipped="0">
  <testcase classname="qa.GetAPI.FetchResponseDataConcept" name="getPathParmExample" time="1.121"/>
</testsuite> <!-- qa.GetAPI.FetchResponseDataConcept -->
