<?xml version="1.0" encoding="UTF-8"?>
<!-- Generated by org.testng.reporters.JUnitReportReporter -->
<testsuite hostname="DEEPIKAPATIL" failures="0" tests="1" name="qa.OauthAllValidation.FormAuthentication" time="5.514" errors="0" timestamp="2025-02-13T11:16:51 IST" skipped="0">
  <testcase classname="qa.OauthAllValidation.FormAuthentication" name="basic_auth_form_API_Test" time="5.514"/>
</testsuite> <!-- qa.OauthAllValidation.FormAuthentication -->
