<?xml version="1.0" encoding="UTF-8"?>
<!-- Generated by org.testng.reporters.JUnitReportReporter -->
<testsuite hostname="DEEPIKAPATIL" failures="0" tests="1" name="qa.GetAPI.ProductAPIs" time="1.893" errors="0" timestamp="2025-02-12T09:29:41 IST" skipped="0">
  <testcase classname="qa.GetAPI.ProductAPIs" name="getProductsTest_2" time="1.893"/>
</testsuite> <!-- qa.GetAPI.ProductAPIs -->
