<?xml version="1.0" encoding="UTF-8"?>
<!-- Generated by org.testng.reporters.JUnitReportReporter -->
<testsuite hostname="DEEPIKAPATIL" failures="0" tests="1" name="qa.Deserialization.ProductAPIWithTest_POJO" time="1.772" errors="0" timestamp="2025-02-13T09:02:58 IST" skipped="0">
  <testcase classname="qa.Deserialization.ProductAPIWithTest_POJO" name="getProductsTest_With_POJO_Desierlization" time="1.772"/>
</testsuite> <!-- qa.Deserialization.ProductAPIWithTest_POJO -->
