<?xml version="1.0" encoding="UTF-8"?>
<!-- Generated by org.testng.reporters.JUnitReportReporter -->
<testsuite hostname="DEEPIKAPATIL" failures="0" tests="1" name="qa.OauthAllValidation.AuthAPIsTest" time="2.836" errors="0" timestamp="2025-02-13T06:37:40 IST" skipped="0">
  <testcase classname="qa.OauthAllValidation.AuthAPIsTest" name="digestiveAuthTest" time="2.836"/>
</testsuite> <!-- qa.OauthAllValidation.AuthAPIsTest -->
