<?xml version="1.0" encoding="UTF-8"?>
<!-- Generated by org.testng.reporters.JUnitReportReporter -->
<testsuite hostname="DEEPIKAPATIL" failures="0" tests="1" name="qa.GetAPI.GetNonBDDPattern" time="2.341" errors="0" timestamp="2025-02-12T10:51:43 IST" skipped="0">
  <testcase classname="qa.GetAPI.GetNonBDDPattern" name="getProductsTest_1" time="2.341"/>
</testsuite> <!-- qa.GetAPI.GetNonBDDPattern -->
