<?xml version="1.0" encoding="UTF-8"?>
<!-- Generated by org.testng.reporters.JUnitReportReporter -->
<testsuite hostname="DEEPIKAPATIL" failures="0" tests="1" name="qa.JaywayJsonPath.JsonPathTest" time="1.614" errors="0" timestamp="2025-02-12T16:30:23 IST" skipped="0">
  <testcase classname="qa.JaywayJsonPath.JsonPathTest" name="productApiTest_ConditionalExamples_WithThreeAttributes" time="1.614"/>
</testsuite> <!-- qa.JaywayJsonPath.JsonPathTest -->
