<?xml version="1.0" encoding="UTF-8"?>
<!-- Generated by org.testng.reporters.JUnitReportReporter -->
<testsuite hostname="DEEPIKAPATIL" failures="0" tests="2" name="qa.CertificateHandling.SSLCertificateTest" time="3.697" errors="0" timestamp="2025-02-12T13:35:33 IST" skipped="0">
  <testcase classname="qa.CertificateHandling.SSLCertificateTest" name="sslTest_With_Config" time="1.300"/>
  <testcase classname="qa.CertificateHandling.SSLCertificateTest" name="sslTest" time="2.397"/>
</testsuite> <!-- qa.CertificateHandling.SSLCertificateTest -->
