<?xml version="1.0" encoding="UTF-8"?>
<!-- Generated by org.testng.reporters.JUnitReportReporter -->
<testsuite hostname="DEEPIKAPATIL" failures="0" tests="1" name="qa.OauthAllValidation.OAuth1APITest" time="2.512" errors="0" timestamp="2025-02-13T06:57:03 IST" skipped="0">
  <testcase classname="qa.OauthAllValidation.OAuth1APITest" name="flickAPITest" time="2.512"/>
</testsuite> <!-- qa.OauthAllValidation.OAuth1APITest -->
