<?xml version="1.0" encoding="UTF-8"?>
<!-- Generated by org.testng.reporters.JUnitReportReporter -->
<testsuite hostname="DEEPIKAPATIL" failures="0" tests="1" name="qa.Deserialization.UserAPITest_Serialization_DeSerialization" time="3.371" errors="0" timestamp="2025-02-13T10:15:32 IST" skipped="0">
  <testcase classname="qa.Deserialization.UserAPITest_Serialization_DeSerialization" name="createUserWith_Lombok" time="3.371"/>
</testsuite> <!-- qa.Deserialization.UserAPITest_Serialization_DeSerialization -->
