<?xml version="1.0" encoding="UTF-8"?>
<!-- Generated by org.testng.reporters.JUnitReportReporter -->
<testsuite hostname="DEEPIKAPATIL" failures="0" tests="1" name="qa.OauthAllValidation.SpotfyAPITest" time="1.797" errors="0" timestamp="2025-02-13T07:16:46 IST" skipped="0">
  <testcase classname="qa.OauthAllValidation.SpotfyAPITest" name="getAlbumTest" time="1.797"/>
</testsuite> <!-- qa.OauthAllValidation.SpotfyAPITest -->
